{"C:\\Work\\Saraf\\src\\services\\analytics.service.ts": {"path":"C:\\Work\\Saraf\\src\\services\\analytics.service.ts","statementMap":{"0":{"start":{"line":7,"column":32},"end":{"line":18,"column":10}},"1":{"start":{"line":14,"column":28},"end":{"line":14,"column":68}},"2":{"start":{"line":15,"column":4},"end":{"line":15,"column":46}},"3":{"start":{"line":15,"column":15},"end":{"line":15,"column":46}},"4":{"start":{"line":16,"column":4},"end":{"line":16,"column":26}}},"fnMap":{"0":{"name":"(anonymous_0)","decl":{"start":{"line":13,"column":2},"end":{"line":13,"column":3}},"loc":{"start":{"line":13,"column":45},"end":{"line":17,"column":3}},"line":13}},"branchMap":{"0":{"loc":{"start":{"line":15,"column":4},"end":{"line":15,"column":46}},"type":"if","locations":[{"start":{"line":15,"column":4},"end":{"line":15,"column":46}},{"start":{},"end":{}}],"line":15}},"s":{"0":1,"1":2,"2":2,"3":1,"4":1},"f":{"0":2},"b":{"0":[1,1]},"_coverageSchema":"1a1c01bbd47fc00a2c39e90264f33305004495a9","hash":"5caa773b3d1d36ebd04d415fd36d10ec892df587"}
,"C:\\Work\\Saraf\\src\\services\\auth.service.ts": {"path":"C:\\Work\\Saraf\\src\\services\\auth.service.ts","statementMap":{"0":{"start":{"line":17,"column":27},"end":{"line":110,"column":10}},"1":{"start":{"line":23,"column":28},"end":{"line":23,"column":87}},"2":{"start":{"line":24,"column":4},"end":{"line":24,"column":59}},"3":{"start":{"line":24,"column":15},"end":{"line":24,"column":59}},"4":{"start":{"line":25,"column":4},"end":{"line":25,"column":112}},"5":{"start":{"line":25,"column":37},"end":{"line":25,"column":112}},"6":{"start":{"line":28,"column":4},"end":{"line":28,"column":47}},"7":{"start":{"line":29,"column":4},"end":{"line":29,"column":47}},"8":{"start":{"line":30,"column":4},"end":{"line":30,"column":75}},"9":{"start":{"line":32,"column":4},"end":{"line":32,"column":77}},"10":{"start":{"line":46,"column":28},"end":{"line":50,"column":6}},"11":{"start":{"line":51,"column":4},"end":{"line":51,"column":59}},"12":{"start":{"line":51,"column":15},"end":{"line":51,"column":59}},"13":{"start":{"line":52,"column":4},"end":{"line":52,"column":78}},"14":{"start":{"line":52,"column":20},"end":{"line":52,"column":78}},"15":{"start":{"line":54,"column":33},"end":{"line":54,"column":46}},"16":{"start":{"line":56,"column":4},"end":{"line":61,"column":5}},"17":{"start":{"line":58,"column":6},"end":{"line":58,"column":49}},"18":{"start":{"line":60,"column":6},"end":{"line":60,"column":77}},"19":{"start":{"line":63,"column":4},"end":{"line":63,"column":76}},"20":{"start":{"line":67,"column":4},"end":{"line":67,"column":34}},"21":{"start":{"line":71,"column":21},"end":{"line":71,"column":53}},"22":{"start":{"line":72,"column":4},"end":{"line":72,"column":35}},"23":{"start":{"line":72,"column":23},"end":{"line":72,"column":35}},"24":{"start":{"line":73,"column":4},"end":{"line":73,"column":62}},"25":{"start":{"line":77,"column":4},"end":{"line":79,"column":7}},"26":{"start":{"line":78,"column":6},"end":{"line":78,"column":38}},"27":{"start":{"line":85,"column":50},"end":{"line":89,"column":5}},"28":{"start":{"line":90,"column":4},"end":{"line":90,"column":74}},"29":{"start":{"line":94,"column":61},"end":{"line":97,"column":5}},"30":{"start":{"line":98,"column":4},"end":{"line":98,"column":55}},"31":{"start":{"line":102,"column":4},"end":{"line":102,"column":23}},"32":{"start":{"line":102,"column":16},"end":{"line":102,"column":23}},"33":{"start":{"line":105,"column":4},"end":{"line":108,"column":7}}},"fnMap":{"0":{"name":"(anonymous_0)","decl":{"start":{"line":22,"column":2},"end":{"line":22,"column":3}},"loc":{"start":{"line":22,"column":103},"end":{"line":33,"column":3}},"line":22},"1":{"name":"(anonymous_1)","decl":{"start":{"line":41,"column":2},"end":{"line":41,"column":3}},"loc":{"start":{"line":45,"column":72},"end":{"line":64,"column":3}},"line":45},"2":{"name":"(anonymous_2)","decl":{"start":{"line":66,"column":2},"end":{"line":66,"column":3}},"loc":{"start":{"line":66,"column":33},"end":{"line":68,"column":3}},"line":66},"3":{"name":"(anonymous_3)","decl":{"start":{"line":70,"column":2},"end":{"line":70,"column":3}},"loc":{"start":{"line":70,"column":71},"end":{"line":74,"column":3}},"line":70},"4":{"name":"(anonymous_4)","decl":{"start":{"line":76,"column":2},"end":{"line":76,"column":3}},"loc":{"start":{"line":76,"column":59},"end":{"line":80,"column":3}},"line":76},"5":{"name":"(anonymous_5)","decl":{"start":{"line":77,"column":43},"end":{"line":77,"column":44}},"loc":{"start":{"line":77,"column":64},"end":{"line":79,"column":5}},"line":77},"6":{"name":"(anonymous_6)","decl":{"start":{"line":84,"column":2},"end":{"line":84,"column":3}},"loc":{"start":{"line":84,"column":50},"end":{"line":91,"column":3}},"line":84},"7":{"name":"(anonymous_7)","decl":{"start":{"line":93,"column":2},"end":{"line":93,"column":3}},"loc":{"start":{"line":93,"column":51},"end":{"line":99,"column":3}},"line":93},"8":{"name":"(anonymous_8)","decl":{"start":{"line":101,"column":2},"end":{"line":101,"column":3}},"loc":{"start":{"line":101,"column":71},"end":{"line":109,"column":3}},"line":101}},"branchMap":{"0":{"loc":{"start":{"line":24,"column":4},"end":{"line":24,"column":59}},"type":"if","locations":[{"start":{"line":24,"column":4},"end":{"line":24,"column":59}},{"start":{},"end":{}}],"line":24},"1":{"loc":{"start":{"line":25,"column":4},"end":{"line":25,"column":112}},"type":"if","locations":[{"start":{"line":25,"column":4},"end":{"line":25,"column":112}},{"start":{},"end":{}}],"line":25},"2":{"loc":{"start":{"line":25,"column":8},"end":{"line":25,"column":35}},"type":"binary-expr","locations":[{"start":{"line":25,"column":8},"end":{"line":25,"column":18}},{"start":{"line":25,"column":22},"end":{"line":25,"column":35}}],"line":25},"3":{"loc":{"start":{"line":30,"column":38},"end":{"line":30,"column":59}},"type":"binary-expr","locations":[{"start":{"line":30,"column":38},"end":{"line":30,"column":53}},{"start":{"line":30,"column":57},"end":{"line":30,"column":59}}],"line":30},"4":{"loc":{"start":{"line":51,"column":4},"end":{"line":51,"column":59}},"type":"if","locations":[{"start":{"line":51,"column":4},"end":{"line":51,"column":59}},{"start":{},"end":{}}],"line":51},"5":{"loc":{"start":{"line":52,"column":4},"end":{"line":52,"column":78}},"type":"if","locations":[{"start":{"line":52,"column":4},"end":{"line":52,"column":78}},{"start":{},"end":{}}],"line":52},"6":{"loc":{"start":{"line":56,"column":4},"end":{"line":61,"column":5}},"type":"if","locations":[{"start":{"line":56,"column":4},"end":{"line":61,"column":5}},{"start":{},"end":{}}],"line":56},"7":{"loc":{"start":{"line":60,"column":40},"end":{"line":60,"column":61}},"type":"binary-expr","locations":[{"start":{"line":60,"column":40},"end":{"line":60,"column":55}},{"start":{"line":60,"column":59},"end":{"line":60,"column":61}}],"line":60},"8":{"loc":{"start":{"line":72,"column":4},"end":{"line":72,"column":35}},"type":"if","locations":[{"start":{"line":72,"column":4},"end":{"line":72,"column":35}},{"start":{},"end":{}}],"line":72},"9":{"loc":{"start":{"line":78,"column":15},"end":{"line":78,"column":36}},"type":"binary-expr","locations":[{"start":{"line":78,"column":15},"end":{"line":78,"column":28}},{"start":{"line":78,"column":32},"end":{"line":78,"column":36}}],"line":78},"10":{"loc":{"start":{"line":87,"column":13},"end":{"line":87,"column":29}},"type":"binary-expr","locations":[{"start":{"line":87,"column":13},"end":{"line":87,"column":23}},{"start":{"line":87,"column":27},"end":{"line":87,"column":29}}],"line":87},"11":{"loc":{"start":{"line":88,"column":17},"end":{"line":88,"column":80}},"type":"binary-expr","locations":[{"start":{"line":88,"column":18},"end":{"line":88,"column":73}},{"start":{"line":88,"column":78},"end":{"line":88,"column":80}}],"line":88},"12":{"loc":{"start":{"line":102,"column":4},"end":{"line":102,"column":23}},"type":"if","locations":[{"start":{"line":102,"column":4},"end":{"line":102,"column":23}},{"start":{},"end":{}}],"line":102}},"s":{"0":1,"1":5,"2":5,"3":1,"4":4,"5":1,"6":3,"7":3,"8":3,"9":3,"10":4,"11":4,"12":1,"13":3,"14":1,"15":2,"16":2,"17":1,"18":1,"19":2,"20":1,"21":2,"22":2,"23":1,"24":1,"25":1,"26":2,"27":4,"28":4,"29":3,"30":3,"31":4,"32":0,"33":4},"f":{"0":5,"1":4,"2":1,"3":2,"4":1,"5":2,"6":4,"7":3,"8":4},"b":{"0":[1,4],"1":[1,3],"2":[4,4],"3":[3,0],"4":[1,3],"5":[1,2],"6":[1,1],"7":[1,0],"8":[1,1],"9":[2,1],"10":[4,0],"11":[4,0],"12":[0,4]},"_coverageSchema":"1a1c01bbd47fc00a2c39e90264f33305004495a9","hash":"91489761452bb2f2808eafdcd79d85dc35d66f5a"}
,"C:\\Work\\Saraf\\src\\services\\cart.service.ts": {"path":"C:\\Work\\Saraf\\src\\services\\cart.service.ts","statementMap":{"0":{"start":{"line":11,"column":27},"end":{"line":34,"column":10}},"1":{"start":{"line":13,"column":28},"end":{"line":17,"column":20}},"2":{"start":{"line":19,"column":4},"end":{"line":19,"column":46}},"3":{"start":{"line":19,"column":15},"end":{"line":19,"column":46}},"4":{"start":{"line":20,"column":4},"end":{"line":20,"column":45}},"5":{"start":{"line":24,"column":22},"end":{"line":26,"column":68}},"6":{"start":{"line":28,"column":4},"end":{"line":28,"column":46}},"7":{"start":{"line":28,"column":15},"end":{"line":28,"column":46}},"8":{"start":{"line":32,"column":4},"end":{"line":32,"column":39}}},"fnMap":{"0":{"name":"(anonymous_0)","decl":{"start":{"line":12,"column":2},"end":{"line":12,"column":3}},"loc":{"start":{"line":12,"column":50},"end":{"line":21,"column":3}},"line":12},"1":{"name":"(anonymous_1)","decl":{"start":{"line":23,"column":2},"end":{"line":23,"column":3}},"loc":{"start":{"line":23,"column":63},"end":{"line":29,"column":3}},"line":23},"2":{"name":"(anonymous_2)","decl":{"start":{"line":31,"column":2},"end":{"line":31,"column":3}},"loc":{"start":{"line":31,"column":45},"end":{"line":33,"column":3}},"line":31}},"branchMap":{"0":{"loc":{"start":{"line":19,"column":4},"end":{"line":19,"column":46}},"type":"if","locations":[{"start":{"line":19,"column":4},"end":{"line":19,"column":46}},{"start":{},"end":{}}],"line":19},"1":{"loc":{"start":{"line":20,"column":12},"end":{"line":20,"column":29}},"type":"binary-expr","locations":[{"start":{"line":20,"column":12},"end":{"line":20,"column":23}},{"start":{"line":20,"column":27},"end":{"line":20,"column":29}}],"line":20},"2":{"loc":{"start":{"line":28,"column":4},"end":{"line":28,"column":46}},"type":"if","locations":[{"start":{"line":28,"column":4},"end":{"line":28,"column":46}},{"start":{},"end":{}}],"line":28}},"s":{"0":1,"1":3,"2":3,"3":1,"4":2,"5":3,"6":3,"7":1,"8":1},"f":{"0":3,"1":3,"2":1},"b":{"0":[1,2],"1":[2,1],"2":[1,2]},"_coverageSchema":"1a1c01bbd47fc00a2c39e90264f33305004495a9","hash":"ebb05a3dc538f1255324a3ba52ffda2bf79e3640"}
,"C:\\Work\\Saraf\\src\\services\\categories.service.ts": {"path":"C:\\Work\\Saraf\\src\\services\\categories.service.ts","statementMap":{"0":{"start":{"line":8,"column":33},"end":{"line":19,"column":10}},"1":{"start":{"line":11,"column":28},"end":{"line":14,"column":47}},"2":{"start":{"line":16,"column":4},"end":{"line":16,"column":46}},"3":{"start":{"line":16,"column":15},"end":{"line":16,"column":46}},"4":{"start":{"line":17,"column":4},"end":{"line":17,"column":39}}},"fnMap":{"0":{"name":"(anonymous_0)","decl":{"start":{"line":10,"column":2},"end":{"line":10,"column":3}},"loc":{"start":{"line":10,"column":41},"end":{"line":18,"column":3}},"line":10}},"branchMap":{"0":{"loc":{"start":{"line":16,"column":4},"end":{"line":16,"column":46}},"type":"if","locations":[{"start":{"line":16,"column":4},"end":{"line":16,"column":46}},{"start":{},"end":{}}],"line":16},"1":{"loc":{"start":{"line":17,"column":12},"end":{"line":17,"column":22}},"type":"binary-expr","locations":[{"start":{"line":17,"column":12},"end":{"line":17,"column":16}},{"start":{"line":17,"column":20},"end":{"line":17,"column":22}}],"line":17}},"s":{"0":1,"1":3,"2":3,"3":1,"4":2},"f":{"0":3},"b":{"0":[1,2],"1":[2,1]},"_coverageSchema":"1a1c01bbd47fc00a2c39e90264f33305004495a9","hash":"5a050e30e56c74fb36dbe9f27c2bda4217cb2aea"}
,"C:\\Work\\Saraf\\src\\services\\config.service.ts": {"path":"C:\\Work\\Saraf\\src\\services\\config.service.ts","statementMap":{"0":{"start":{"line":17,"column":28},"end":{"line":25,"column":1}},"1":{"start":{"line":27,"column":29},"end":{"line":48,"column":10}},"2":{"start":{"line":29,"column":28},"end":{"line":31,"column":27}},"3":{"start":{"line":33,"column":4},"end":{"line":33,"column":40}},"4":{"start":{"line":33,"column":24},"end":{"line":33,"column":40}},"5":{"start":{"line":35,"column":40},"end":{"line":35,"column":42}},"6":{"start":{"line":36,"column":4},"end":{"line":36,"column":60}},"7":{"start":{"line":36,"column":39},"end":{"line":36,"column":56}},"8":{"start":{"line":38,"column":4},"end":{"line":46,"column":6}}},"fnMap":{"0":{"name":"(anonymous_0)","decl":{"start":{"line":28,"column":2},"end":{"line":28,"column":3}},"loc":{"start":{"line":28,"column":36},"end":{"line":47,"column":3}},"line":28},"1":{"name":"(anonymous_1)","decl":{"start":{"line":36,"column":17},"end":{"line":36,"column":18}},"loc":{"start":{"line":36,"column":37},"end":{"line":36,"column":58}},"line":36}},"branchMap":{"0":{"loc":{"start":{"line":33,"column":4},"end":{"line":33,"column":40}},"type":"if","locations":[{"start":{"line":33,"column":4},"end":{"line":33,"column":40}},{"start":{},"end":{}}],"line":33},"1":{"loc":{"start":{"line":33,"column":8},"end":{"line":33,"column":22}},"type":"binary-expr","locations":[{"start":{"line":33,"column":8},"end":{"line":33,"column":13}},{"start":{"line":33,"column":17},"end":{"line":33,"column":22}}],"line":33},"2":{"loc":{"start":{"line":39,"column":22},"end":{"line":39,"column":64}},"type":"binary-expr","locations":[{"start":{"line":39,"column":22},"end":{"line":39,"column":37}},{"start":{"line":39,"column":47},"end":{"line":39,"column":64}}],"line":39},"3":{"loc":{"start":{"line":40,"column":22},"end":{"line":40,"column":70}},"type":"binary-expr","locations":[{"start":{"line":40,"column":22},"end":{"line":40,"column":43}},{"start":{"line":40,"column":47},"end":{"line":40,"column":70}}],"line":40},"4":{"loc":{"start":{"line":41,"column":22},"end":{"line":41,"column":70}},"type":"binary-expr","locations":[{"start":{"line":41,"column":22},"end":{"line":41,"column":43}},{"start":{"line":41,"column":47},"end":{"line":41,"column":70}}],"line":41},"5":{"loc":{"start":{"line":42,"column":22},"end":{"line":42,"column":68}},"type":"binary-expr","locations":[{"start":{"line":42,"column":22},"end":{"line":42,"column":41}},{"start":{"line":42,"column":47},"end":{"line":42,"column":68}}],"line":42},"6":{"loc":{"start":{"line":43,"column":22},"end":{"line":43,"column":69}},"type":"binary-expr","locations":[{"start":{"line":43,"column":22},"end":{"line":43,"column":42}},{"start":{"line":43,"column":47},"end":{"line":43,"column":69}}],"line":43},"7":{"loc":{"start":{"line":44,"column":22},"end":{"line":44,"column":69}},"type":"binary-expr","locations":[{"start":{"line":44,"column":22},"end":{"line":44,"column":42}},{"start":{"line":44,"column":47},"end":{"line":44,"column":69}}],"line":44},"8":{"loc":{"start":{"line":45,"column":22},"end":{"line":45,"column":63}},"type":"binary-expr","locations":[{"start":{"line":45,"column":22},"end":{"line":45,"column":36}},{"start":{"line":45,"column":47},"end":{"line":45,"column":63}}],"line":45}},"s":{"0":1,"1":1,"2":4,"3":4,"4":2,"5":2,"6":2,"7":3,"8":2},"f":{"0":4,"1":3},"b":{"0":[2,2],"1":[4,3],"2":[2,1],"3":[2,2],"4":[2,2],"5":[2,2],"6":[2,1],"7":[2,2],"8":[2,2]},"_coverageSchema":"1a1c01bbd47fc00a2c39e90264f33305004495a9","hash":"c11b79ce45a13205cb723282afe037770b6f4fd3"}
,"C:\\Work\\Saraf\\src\\services\\feedback.service.ts": {"path":"C:\\Work\\Saraf\\src\\services\\feedback.service.ts","statementMap":{"0":{"start":{"line":14,"column":31},"end":{"line":25,"column":10}},"1":{"start":{"line":16,"column":22},"end":{"line":22,"column":6}},"2":{"start":{"line":23,"column":4},"end":{"line":23,"column":46}},"3":{"start":{"line":23,"column":15},"end":{"line":23,"column":46}}},"fnMap":{"0":{"name":"(anonymous_0)","decl":{"start":{"line":15,"column":2},"end":{"line":15,"column":3}},"loc":{"start":{"line":15,"column":86},"end":{"line":24,"column":3}},"line":15}},"branchMap":{"0":{"loc":{"start":{"line":17,"column":18},"end":{"line":17,"column":32}},"type":"binary-expr","locations":[{"start":{"line":17,"column":18},"end":{"line":17,"column":24}},{"start":{"line":17,"column":28},"end":{"line":17,"column":32}}],"line":17},"1":{"loc":{"start":{"line":23,"column":4},"end":{"line":23,"column":46}},"type":"if","locations":[{"start":{"line":23,"column":4},"end":{"line":23,"column":46}},{"start":{},"end":{}}],"line":23}},"s":{"0":1,"1":4,"2":4,"3":1},"f":{"0":4},"b":{"0":[4,3],"1":[1,3]},"_coverageSchema":"1a1c01bbd47fc00a2c39e90264f33305004495a9","hash":"4f2cd01a4b51de285f9dbc0d831315774a9cb736"}
,"C:\\Work\\Saraf\\src\\services\\help.service.ts": {"path":"C:\\Work\\Saraf\\src\\services\\help.service.ts","statementMap":{"0":{"start":{"line":25,"column":27},"end":{"line":56,"column":10}},"1":{"start":{"line":27,"column":28},"end":{"line":31,"column":47}},"2":{"start":{"line":33,"column":4},"end":{"line":33,"column":46}},"3":{"start":{"line":33,"column":15},"end":{"line":33,"column":46}},"4":{"start":{"line":34,"column":4},"end":{"line":34,"column":41}},"5":{"start":{"line":38,"column":28},"end":{"line":42,"column":15}},"6":{"start":{"line":44,"column":4},"end":{"line":44,"column":46}},"7":{"start":{"line":44,"column":15},"end":{"line":44,"column":46}},"8":{"start":{"line":45,"column":4},"end":{"line":45,"column":26}},"9":{"start":{"line":49,"column":28},"end":{"line":51,"column":51}},"10":{"start":{"line":53,"column":4},"end":{"line":53,"column":46}},"11":{"start":{"line":53,"column":15},"end":{"line":53,"column":46}},"12":{"start":{"line":54,"column":4},"end":{"line":54,"column":36}}},"fnMap":{"0":{"name":"(anonymous_0)","decl":{"start":{"line":26,"column":2},"end":{"line":26,"column":3}},"loc":{"start":{"line":26,"column":48},"end":{"line":35,"column":3}},"line":26},"1":{"name":"(anonymous_1)","decl":{"start":{"line":37,"column":2},"end":{"line":37,"column":3}},"loc":{"start":{"line":37,"column":49},"end":{"line":46,"column":3}},"line":37},"2":{"name":"(anonymous_2)","decl":{"start":{"line":48,"column":2},"end":{"line":48,"column":3}},"loc":{"start":{"line":48,"column":46},"end":{"line":55,"column":3}},"line":48}},"branchMap":{"0":{"loc":{"start":{"line":33,"column":4},"end":{"line":33,"column":46}},"type":"if","locations":[{"start":{"line":33,"column":4},"end":{"line":33,"column":46}},{"start":{},"end":{}}],"line":33},"1":{"loc":{"start":{"line":34,"column":12},"end":{"line":34,"column":22}},"type":"binary-expr","locations":[{"start":{"line":34,"column":12},"end":{"line":34,"column":16}},{"start":{"line":34,"column":20},"end":{"line":34,"column":22}}],"line":34},"2":{"loc":{"start":{"line":44,"column":4},"end":{"line":44,"column":46}},"type":"if","locations":[{"start":{"line":44,"column":4},"end":{"line":44,"column":46}},{"start":{},"end":{}}],"line":44},"3":{"loc":{"start":{"line":53,"column":4},"end":{"line":53,"column":46}},"type":"if","locations":[{"start":{"line":53,"column":4},"end":{"line":53,"column":46}},{"start":{},"end":{}}],"line":53},"4":{"loc":{"start":{"line":54,"column":12},"end":{"line":54,"column":22}},"type":"binary-expr","locations":[{"start":{"line":54,"column":12},"end":{"line":54,"column":16}},{"start":{"line":54,"column":20},"end":{"line":54,"column":22}}],"line":54}},"s":{"0":1,"1":2,"2":2,"3":1,"4":1,"5":2,"6":2,"7":1,"8":1,"9":3,"10":3,"11":1,"12":2},"f":{"0":2,"1":2,"2":3},"b":{"0":[1,1],"1":[1,0],"2":[1,1],"3":[1,2],"4":[2,1]},"_coverageSchema":"1a1c01bbd47fc00a2c39e90264f33305004495a9","hash":"39fc55517bfe203e294bfd9b4a1b1d8610cfd611"}
,"C:\\Work\\Saraf\\src\\services\\notifications.service.ts": {"path":"C:\\Work\\Saraf\\src\\services\\notifications.service.ts","statementMap":{"0":{"start":{"line":8,"column":36},"end":{"line":45,"column":10}},"1":{"start":{"line":14,"column":28},"end":{"line":19,"column":16}},"2":{"start":{"line":21,"column":4},"end":{"line":21,"column":46}},"3":{"start":{"line":21,"column":15},"end":{"line":21,"column":46}},"4":{"start":{"line":22,"column":4},"end":{"line":22,"column":43}},"5":{"start":{"line":26,"column":4},"end":{"line":29,"column":32}},"6":{"start":{"line":33,"column":4},"end":{"line":37,"column":28}},"7":{"start":{"line":41,"column":4},"end":{"line":43,"column":85}}},"fnMap":{"0":{"name":"(anonymous_0)","decl":{"start":{"line":13,"column":2},"end":{"line":13,"column":3}},"loc":{"start":{"line":13,"column":63},"end":{"line":23,"column":3}},"line":13},"1":{"name":"(anonymous_1)","decl":{"start":{"line":25,"column":2},"end":{"line":25,"column":3}},"loc":{"start":{"line":25,"column":56},"end":{"line":30,"column":3}},"line":25},"2":{"name":"(anonymous_2)","decl":{"start":{"line":32,"column":2},"end":{"line":32,"column":3}},"loc":{"start":{"line":32,"column":51},"end":{"line":38,"column":3}},"line":32},"3":{"name":"(anonymous_3)","decl":{"start":{"line":40,"column":2},"end":{"line":40,"column":3}},"loc":{"start":{"line":40,"column":86},"end":{"line":44,"column":3}},"line":40}},"branchMap":{"0":{"loc":{"start":{"line":21,"column":4},"end":{"line":21,"column":46}},"type":"if","locations":[{"start":{"line":21,"column":4},"end":{"line":21,"column":46}},{"start":{},"end":{}}],"line":21},"1":{"loc":{"start":{"line":22,"column":12},"end":{"line":22,"column":22}},"type":"binary-expr","locations":[{"start":{"line":22,"column":12},"end":{"line":22,"column":16}},{"start":{"line":22,"column":20},"end":{"line":22,"column":22}}],"line":22}},"s":{"0":1,"1":3,"2":3,"3":1,"4":2,"5":1,"6":1,"7":1},"f":{"0":3,"1":1,"2":1,"3":1},"b":{"0":[1,2],"1":[2,1]},"_coverageSchema":"1a1c01bbd47fc00a2c39e90264f33305004495a9","hash":"a466ee75e988584c53ae51f23bcf927c422ed760"}
,"C:\\Work\\Saraf\\src\\services\\orders.service.ts": {"path":"C:\\Work\\Saraf\\src\\services\\orders.service.ts","statementMap":{"0":{"start":{"line":10,"column":2},"end":{"line":13,"column":5}},"1":{"start":{"line":11,"column":14},"end":{"line":11,"column":38}},"2":{"start":{"line":12,"column":4},"end":{"line":12,"column":58}},"3":{"start":{"line":16,"column":29},"end":{"line":64,"column":10}},"4":{"start":{"line":18,"column":28},"end":{"line":22,"column":48}},"5":{"start":{"line":24,"column":4},"end":{"line":24,"column":46}},"6":{"start":{"line":24,"column":15},"end":{"line":24,"column":46}},"7":{"start":{"line":25,"column":4},"end":{"line":25,"column":36}},"8":{"start":{"line":33,"column":20},"end":{"line":33,"column":26}},"9":{"start":{"line":35,"column":34},"end":{"line":45,"column":8}},"10":{"start":{"line":47,"column":4},"end":{"line":47,"column":56}},"11":{"start":{"line":47,"column":20},"end":{"line":47,"column":56}},"12":{"start":{"line":49,"column":21},"end":{"line":57,"column":7}},"13":{"start":{"line":49,"column":41},"end":{"line":57,"column":5}},"14":{"start":{"line":59,"column":34},"end":{"line":59,"column":85}},"15":{"start":{"line":60,"column":4},"end":{"line":60,"column":56}},"16":{"start":{"line":60,"column":20},"end":{"line":60,"column":56}},"17":{"start":{"line":62,"column":4},"end":{"line":62,"column":19}}},"fnMap":{"0":{"name":"uuid","decl":{"start":{"line":9,"column":9},"end":{"line":9,"column":13}},"loc":{"start":{"line":9,"column":24},"end":{"line":14,"column":1}},"line":9},"1":{"name":"(anonymous_1)","decl":{"start":{"line":10,"column":65},"end":{"line":10,"column":66}},"loc":{"start":{"line":10,"column":72},"end":{"line":13,"column":3}},"line":10},"2":{"name":"(anonymous_2)","decl":{"start":{"line":17,"column":2},"end":{"line":17,"column":3}},"loc":{"start":{"line":17,"column":55},"end":{"line":26,"column":3}},"line":17},"3":{"name":"(anonymous_3)","decl":{"start":{"line":28,"column":2},"end":{"line":28,"column":3}},"loc":{"start":{"line":28,"column":103},"end":{"line":63,"column":3}},"line":28},"4":{"name":"(anonymous_4)","decl":{"start":{"line":49,"column":30},"end":{"line":49,"column":31}},"loc":{"start":{"line":49,"column":41},"end":{"line":57,"column":5}},"line":49}},"branchMap":{"0":{"loc":{"start":{"line":12,"column":12},"end":{"line":12,"column":43}},"type":"cond-expr","locations":[{"start":{"line":12,"column":24},"end":{"line":12,"column":25}},{"start":{"line":12,"column":28},"end":{"line":12,"column":43}}],"line":12},"1":{"loc":{"start":{"line":24,"column":4},"end":{"line":24,"column":46}},"type":"if","locations":[{"start":{"line":24,"column":4},"end":{"line":24,"column":46}},{"start":{},"end":{}}],"line":24},"2":{"loc":{"start":{"line":25,"column":12},"end":{"line":25,"column":22}},"type":"binary-expr","locations":[{"start":{"line":25,"column":12},"end":{"line":25,"column":16}},{"start":{"line":25,"column":20},"end":{"line":25,"column":22}}],"line":25},"3":{"loc":{"start":{"line":39,"column":21},"end":{"line":39,"column":35}},"type":"binary-expr","locations":[{"start":{"line":39,"column":21},"end":{"line":39,"column":27}},{"start":{"line":39,"column":31},"end":{"line":39,"column":35}}],"line":39},"4":{"loc":{"start":{"line":40,"column":21},"end":{"line":40,"column":83}},"type":"cond-expr","locations":[{"start":{"line":40,"column":45},"end":{"line":40,"column":76}},{"start":{"line":40,"column":79},"end":{"line":40,"column":83}}],"line":40},"5":{"loc":{"start":{"line":40,"column":21},"end":{"line":40,"column":42}},"type":"binary-expr","locations":[{"start":{"line":40,"column":21},"end":{"line":40,"column":28}},{"start":{"line":40,"column":32},"end":{"line":40,"column":42}}],"line":40},"6":{"loc":{"start":{"line":47,"column":4},"end":{"line":47,"column":56}},"type":"if","locations":[{"start":{"line":47,"column":4},"end":{"line":47,"column":56}},{"start":{},"end":{}}],"line":47},"7":{"loc":{"start":{"line":53,"column":21},"end":{"line":53,"column":38}},"type":"binary-expr","locations":[{"start":{"line":53,"column":21},"end":{"line":53,"column":30}},{"start":{"line":53,"column":34},"end":{"line":53,"column":38}}],"line":53},"8":{"loc":{"start":{"line":54,"column":21},"end":{"line":54,"column":46}},"type":"binary-expr","locations":[{"start":{"line":54,"column":21},"end":{"line":54,"column":38}},{"start":{"line":54,"column":42},"end":{"line":54,"column":46}}],"line":54},"9":{"loc":{"start":{"line":60,"column":4},"end":{"line":60,"column":56}},"type":"if","locations":[{"start":{"line":60,"column":4},"end":{"line":60,"column":56}},{"start":{},"end":{}}],"line":60}},"s":{"0":7,"1":217,"2":217,"3":1,"4":2,"5":2,"6":1,"7":1,"8":7,"9":7,"10":7,"11":1,"12":6,"13":12,"14":6,"15":6,"16":1,"17":5},"f":{"0":7,"1":217,"2":2,"3":7,"4":12},"b":{"0":[210,7],"1":[1,1],"2":[1,0],"3":[7,2],"4":[1,6],"5":[7,2],"6":[1,6],"7":[12,6],"8":[12,6],"9":[1,5]},"_coverageSchema":"1a1c01bbd47fc00a2c39e90264f33305004495a9","hash":"588b998fed6a196bf7a15de8cc9a9a15b6177dd4"}
,"C:\\Work\\Saraf\\src\\services\\products.service.ts": {"path":"C:\\Work\\Saraf\\src\\services\\products.service.ts","statementMap":{"0":{"start":{"line":11,"column":13},"end":{"line":11,"column":35}},"1":{"start":{"line":13,"column":31},"end":{"line":47,"column":10}},"2":{"start":{"line":15,"column":28},"end":{"line":19,"column":47}},"3":{"start":{"line":21,"column":4},"end":{"line":21,"column":46}},"4":{"start":{"line":21,"column":15},"end":{"line":21,"column":46}},"5":{"start":{"line":22,"column":4},"end":{"line":22,"column":53}},"6":{"start":{"line":26,"column":28},"end":{"line":30,"column":15}},"7":{"start":{"line":32,"column":4},"end":{"line":32,"column":46}},"8":{"start":{"line":32,"column":15},"end":{"line":32,"column":46}},"9":{"start":{"line":33,"column":4},"end":{"line":33,"column":39}},"10":{"start":{"line":37,"column":28},"end":{"line":42,"column":47}},"11":{"start":{"line":44,"column":4},"end":{"line":44,"column":46}},"12":{"start":{"line":44,"column":15},"end":{"line":44,"column":46}},"13":{"start":{"line":45,"column":4},"end":{"line":45,"column":53}},"14":{"start":{"line":51,"column":2},"end":{"line":54,"column":4}}},"fnMap":{"0":{"name":"(anonymous_0)","decl":{"start":{"line":14,"column":2},"end":{"line":14,"column":3}},"loc":{"start":{"line":14,"column":40},"end":{"line":23,"column":3}},"line":14},"1":{"name":"(anonymous_1)","decl":{"start":{"line":25,"column":2},"end":{"line":25,"column":3}},"loc":{"start":{"line":25,"column":49},"end":{"line":34,"column":3}},"line":25},"2":{"name":"(anonymous_2)","decl":{"start":{"line":36,"column":2},"end":{"line":36,"column":3}},"loc":{"start":{"line":36,"column":58},"end":{"line":46,"column":3}},"line":36},"3":{"name":"normalise","decl":{"start":{"line":50,"column":9},"end":{"line":50,"column":18}},"loc":{"start":{"line":50,"column":39},"end":{"line":55,"column":1}},"line":50}},"branchMap":{"0":{"loc":{"start":{"line":21,"column":4},"end":{"line":21,"column":46}},"type":"if","locations":[{"start":{"line":21,"column":4},"end":{"line":21,"column":46}},{"start":{},"end":{}}],"line":21},"1":{"loc":{"start":{"line":22,"column":12},"end":{"line":22,"column":22}},"type":"binary-expr","locations":[{"start":{"line":22,"column":12},"end":{"line":22,"column":16}},{"start":{"line":22,"column":20},"end":{"line":22,"column":22}}],"line":22},"2":{"loc":{"start":{"line":32,"column":4},"end":{"line":32,"column":46}},"type":"if","locations":[{"start":{"line":32,"column":4},"end":{"line":32,"column":46}},{"start":{},"end":{}}],"line":32},"3":{"loc":{"start":{"line":44,"column":4},"end":{"line":44,"column":46}},"type":"if","locations":[{"start":{"line":44,"column":4},"end":{"line":44,"column":46}},{"start":{},"end":{}}],"line":44},"4":{"loc":{"start":{"line":45,"column":12},"end":{"line":45,"column":22}},"type":"binary-expr","locations":[{"start":{"line":45,"column":12},"end":{"line":45,"column":16}},{"start":{"line":45,"column":20},"end":{"line":45,"column":22}}],"line":45},"5":{"loc":{"start":{"line":53,"column":12},"end":{"line":53,"column":55}},"type":"cond-expr","locations":[{"start":{"line":53,"column":40},"end":{"line":53,"column":50}},{"start":{"line":53,"column":53},"end":{"line":53,"column":55}}],"line":53}},"s":{"0":1,"1":1,"2":5,"3":5,"4":1,"5":4,"6":2,"7":2,"8":1,"9":1,"10":2,"11":2,"12":1,"13":1,"14":4},"f":{"0":5,"1":2,"2":2,"3":4},"b":{"0":[1,4],"1":[4,1],"2":[1,1],"3":[1,1],"4":[1,0],"5":[2,2]},"_coverageSchema":"1a1c01bbd47fc00a2c39e90264f33305004495a9","hash":"381622cce76542a87c2ccf041e425b0c45ed9352"}
,"C:\\Work\\Saraf\\src\\services\\push.service.ts": {"path":"C:\\Work\\Saraf\\src\\services\\push.service.ts","statementMap":{"0":{"start":{"line":11,"column":0},"end":{"line":19,"column":3}},"1":{"start":{"line":12,"column":35},"end":{"line":18,"column":3}},"2":{"start":{"line":32,"column":2},"end":{"line":36,"column":4}},"3":{"start":{"line":39,"column":27},"end":{"line":90,"column":10}},"4":{"start":{"line":41,"column":4},"end":{"line":41,"column":38}},"5":{"start":{"line":41,"column":26},"end":{"line":41,"column":38}},"6":{"start":{"line":43,"column":22},"end":{"line":43,"column":36}},"7":{"start":{"line":44,"column":4},"end":{"line":48,"column":5}},"8":{"start":{"line":46,"column":6},"end":{"line":46,"column":109}},"9":{"start":{"line":47,"column":6},"end":{"line":47,"column":18}},"10":{"start":{"line":50,"column":33},"end":{"line":50,"column":74}},"11":{"start":{"line":51,"column":22},"end":{"line":51,"column":30}},"12":{"start":{"line":53,"column":4},"end":{"line":56,"column":5}},"13":{"start":{"line":54,"column":25},"end":{"line":54,"column":70}},"14":{"start":{"line":55,"column":6},"end":{"line":55,"column":27}},"15":{"start":{"line":58,"column":4},"end":{"line":61,"column":5}},"16":{"start":{"line":59,"column":6},"end":{"line":59,"column":46}},"17":{"start":{"line":60,"column":6},"end":{"line":60,"column":18}},"18":{"start":{"line":63,"column":4},"end":{"line":69,"column":5}},"19":{"start":{"line":64,"column":6},"end":{"line":68,"column":9}},"20":{"start":{"line":71,"column":4},"end":{"line":79,"column":5}},"21":{"start":{"line":72,"column":30},"end":{"line":72,"column":86}},"22":{"start":{"line":73,"column":6},"end":{"line":73,"column":75}},"23":{"start":{"line":74,"column":6},"end":{"line":74,"column":47}},"24":{"start":{"line":75,"column":6},"end":{"line":75,"column":19}},"25":{"start":{"line":77,"column":6},"end":{"line":77,"column":82}},"26":{"start":{"line":78,"column":6},"end":{"line":78,"column":18}},"27":{"start":{"line":83,"column":25},"end":{"line":83,"column":80}},"28":{"start":{"line":84,"column":25},"end":{"line":87,"column":6}},"29":{"start":{"line":85,"column":19},"end":{"line":85,"column":78}},"30":{"start":{"line":86,"column":6},"end":{"line":86,"column":18}},"31":{"start":{"line":88,"column":4},"end":{"line":88,"column":65}},"32":{"start":{"line":88,"column":19},"end":{"line":88,"column":40}},"33":{"start":{"line":88,"column":41},"end":{"line":88,"column":62}}},"fnMap":{"0":{"name":"(anonymous_0)","decl":{"start":{"line":12,"column":22},"end":{"line":12,"column":23}},"loc":{"start":{"line":12,"column":35},"end":{"line":18,"column":3}},"line":12},"1":{"name":"getProjectId","decl":{"start":{"line":31,"column":9},"end":{"line":31,"column":21}},"loc":{"start":{"line":31,"column":39},"end":{"line":37,"column":1}},"line":31},"2":{"name":"(anonymous_2)","decl":{"start":{"line":40,"column":2},"end":{"line":40,"column":3}},"loc":{"start":{"line":40,"column":57},"end":{"line":80,"column":3}},"line":40},"3":{"name":"(anonymous_3)","decl":{"start":{"line":82,"column":2},"end":{"line":82,"column":3}},"loc":{"start":{"line":82,"column":69},"end":{"line":89,"column":3}},"line":82},"4":{"name":"(anonymous_4)","decl":{"start":{"line":83,"column":71},"end":{"line":83,"column":72}},"loc":{"start":{"line":83,"column":77},"end":{"line":83,"column":79}},"line":83},"5":{"name":"(anonymous_5)","decl":{"start":{"line":84,"column":79},"end":{"line":84,"column":80}},"loc":{"start":{"line":84,"column":86},"end":{"line":87,"column":5}},"line":84},"6":{"name":"(anonymous_6)","decl":{"start":{"line":88,"column":11},"end":{"line":88,"column":12}},"loc":{"start":{"line":88,"column":17},"end":{"line":88,"column":64}},"line":88}},"branchMap":{"0":{"loc":{"start":{"line":33,"column":4},"end":{"line":35,"column":8}},"type":"binary-expr","locations":[{"start":{"line":33,"column":4},"end":{"line":33,"column":47}},{"start":{"line":34,"column":4},"end":{"line":34,"column":43}},{"start":{"line":35,"column":4},"end":{"line":35,"column":8}}],"line":33},"1":{"loc":{"start":{"line":41,"column":4},"end":{"line":41,"column":38}},"type":"if","locations":[{"start":{"line":41,"column":4},"end":{"line":41,"column":38}},{"start":{},"end":{}}],"line":41},"2":{"loc":{"start":{"line":44,"column":4},"end":{"line":48,"column":5}},"type":"if","locations":[{"start":{"line":44,"column":4},"end":{"line":48,"column":5}},{"start":{},"end":{}}],"line":44},"3":{"loc":{"start":{"line":53,"column":4},"end":{"line":56,"column":5}},"type":"if","locations":[{"start":{"line":53,"column":4},"end":{"line":56,"column":5}},{"start":{},"end":{}}],"line":53},"4":{"loc":{"start":{"line":58,"column":4},"end":{"line":61,"column":5}},"type":"if","locations":[{"start":{"line":58,"column":4},"end":{"line":61,"column":5}},{"start":{},"end":{}}],"line":58},"5":{"loc":{"start":{"line":63,"column":4},"end":{"line":69,"column":5}},"type":"if","locations":[{"start":{"line":63,"column":4},"end":{"line":69,"column":5}},{"start":{},"end":{}}],"line":63}},"s":{"0":0,"1":0,"2":0,"3":0,"4":0,"5":0,"6":0,"7":0,"8":0,"9":0,"10":0,"11":0,"12":0,"13":0,"14":0,"15":0,"16":0,"17":0,"18":0,"19":0,"20":0,"21":0,"22":0,"23":0,"24":0,"25":0,"26":0,"27":0,"28":0,"29":0,"30":0,"31":0,"32":0,"33":0},"f":{"0":0,"1":0,"2":0,"3":0,"4":0,"5":0,"6":0},"b":{"0":[0,0,0],"1":[0,0],"2":[0,0],"3":[0,0],"4":[0,0],"5":[0,0]}}
,"C:\\Work\\Saraf\\src\\store\\auth.store.ts": {"path":"C:\\Work\\Saraf\\src\\store\\auth.store.ts","statementMap":{"0":{"start":{"line":23,"column":28},"end":{"line":32,"column":3}},"1":{"start":{"line":23,"column":56},"end":{"line":32,"column":1}},"2":{"start":{"line":28,"column":27},"end":{"line":28,"column":40}},"3":{"start":{"line":29,"column":27},"end":{"line":29,"column":43}},"4":{"start":{"line":30,"column":27},"end":{"line":30,"column":52}},"5":{"start":{"line":31,"column":27},"end":{"line":31,"column":62}},"6":{"start":{"line":35,"column":31},"end":{"line":35,"column":55}},"7":{"start":{"line":35,"column":49},"end":{"line":35,"column":55}},"8":{"start":{"line":36,"column":31},"end":{"line":36,"column":58}},"9":{"start":{"line":36,"column":49},"end":{"line":36,"column":58}},"10":{"start":{"line":37,"column":31},"end":{"line":37,"column":64}},"11":{"start":{"line":37,"column":49},"end":{"line":37,"column":64}},"12":{"start":{"line":38,"column":31},"end":{"line":38,"column":61}},"13":{"start":{"line":38,"column":49},"end":{"line":38,"column":61}}},"fnMap":{"0":{"name":"(anonymous_0)","decl":{"start":{"line":23,"column":46},"end":{"line":23,"column":47}},"loc":{"start":{"line":23,"column":56},"end":{"line":32,"column":1}},"line":23},"1":{"name":"(anonymous_1)","decl":{"start":{"line":28,"column":14},"end":{"line":28,"column":15}},"loc":{"start":{"line":28,"column":27},"end":{"line":28,"column":40}},"line":28},"2":{"name":"(anonymous_2)","decl":{"start":{"line":29,"column":14},"end":{"line":29,"column":15}},"loc":{"start":{"line":29,"column":27},"end":{"line":29,"column":43}},"line":29},"3":{"name":"(anonymous_3)","decl":{"start":{"line":30,"column":14},"end":{"line":30,"column":15}},"loc":{"start":{"line":30,"column":27},"end":{"line":30,"column":52}},"line":30},"4":{"name":"(anonymous_4)","decl":{"start":{"line":31,"column":14},"end":{"line":31,"column":15}},"loc":{"start":{"line":31,"column":27},"end":{"line":31,"column":62}},"line":31},"5":{"name":"(anonymous_5)","decl":{"start":{"line":35,"column":31},"end":{"line":35,"column":32}},"loc":{"start":{"line":35,"column":49},"end":{"line":35,"column":55}},"line":35},"6":{"name":"(anonymous_6)","decl":{"start":{"line":36,"column":31},"end":{"line":36,"column":32}},"loc":{"start":{"line":36,"column":49},"end":{"line":36,"column":58}},"line":36},"7":{"name":"(anonymous_7)","decl":{"start":{"line":37,"column":31},"end":{"line":37,"column":32}},"loc":{"start":{"line":37,"column":49},"end":{"line":37,"column":64}},"line":37},"8":{"name":"(anonymous_8)","decl":{"start":{"line":38,"column":31},"end":{"line":38,"column":32}},"loc":{"start":{"line":38,"column":49},"end":{"line":38,"column":61}},"line":38}},"branchMap":{},"s":{"0":1,"1":1,"2":3,"3":2,"4":2,"5":1,"6":1,"7":2,"8":1,"9":1,"10":1,"11":2,"12":1,"13":1},"f":{"0":1,"1":3,"2":2,"3":2,"4":1,"5":2,"6":1,"7":2,"8":1},"b":{},"_coverageSchema":"1a1c01bbd47fc00a2c39e90264f33305004495a9","hash":"0a6ed55ebd93c3ecf74ccb2b389f7cf5c591cd22"}
,"C:\\Work\\Saraf\\src\\store\\cart.store.ts": {"path":"C:\\Work\\Saraf\\src\\store\\cart.store.ts","statementMap":{"0":{"start":{"line":18,"column":17},"end":{"line":21,"column":14}},"1":{"start":{"line":19,"column":16},"end":{"line":19,"column":20}},"2":{"start":{"line":22,"column":2},"end":{"line":22,"column":56}},"3":{"start":{"line":26,"column":16},"end":{"line":26,"column":61}},"4":{"start":{"line":26,"column":53},"end":{"line":26,"column":60}},"5":{"start":{"line":27,"column":2},"end":{"line":27,"column":49}},"6":{"start":{"line":31,"column":2},"end":{"line":34,"column":4}},"7":{"start":{"line":33,"column":49},"end":{"line":33,"column":69}},"8":{"start":{"line":60,"column":28},"end":{"line":124,"column":1}},"9":{"start":{"line":62,"column":19},"end":{"line":116,"column":5}},"10":{"start":{"line":66,"column":28},"end":{"line":66,"column":63}},"11":{"start":{"line":67,"column":28},"end":{"line":67,"column":71}},"12":{"start":{"line":68,"column":29},"end":{"line":68,"column":58}},"13":{"start":{"line":70,"column":8},"end":{"line":89,"column":11}},"14":{"start":{"line":71,"column":27},"end":{"line":71,"column":67}},"15":{"start":{"line":71,"column":51},"end":{"line":71,"column":66}},"16":{"start":{"line":72,"column":10},"end":{"line":78,"column":11}},"17":{"start":{"line":73,"column":12},"end":{"line":77,"column":14}},"18":{"start":{"line":75,"column":16},"end":{"line":75,"column":69}},"19":{"start":{"line":79,"column":36},"end":{"line":87,"column":11}},"20":{"start":{"line":88,"column":10},"end":{"line":88,"column":54}},"21":{"start":{"line":93,"column":8},"end":{"line":95,"column":12}},"22":{"start":{"line":93,"column":20},"end":{"line":95,"column":9}},"23":{"start":{"line":94,"column":37},"end":{"line":94,"column":83}},"24":{"start":{"line":99,"column":8},"end":{"line":103,"column":12}},"25":{"start":{"line":99,"column":20},"end":{"line":103,"column":9}},"26":{"start":{"line":101,"column":25},"end":{"line":101,"column":71}},"27":{"start":{"line":102,"column":27},"end":{"line":102,"column":36}},"28":{"start":{"line":107,"column":8},"end":{"line":107,"column":72}},"29":{"start":{"line":107,"column":20},"end":{"line":107,"column":69}},"30":{"start":{"line":107,"column":51},"end":{"line":107,"column":66}},"31":{"start":{"line":110,"column":16},"end":{"line":110,"column":35}},"32":{"start":{"line":112,"column":23},"end":{"line":112,"column":38}},"33":{"start":{"line":114,"column":24},"end":{"line":114,"column":66}},"34":{"start":{"line":114,"column":53},"end":{"line":114,"column":62}},"35":{"start":{"line":115,"column":24},"end":{"line":115,"column":76}},"36":{"start":{"line":115,"column":53},"end":{"line":115,"column":72}},"37":{"start":{"line":119,"column":39},"end":{"line":119,"column":51}},"38":{"start":{"line":121,"column":26},"end":{"line":121,"column":44}},"39":{"start":{"line":127,"column":32},"end":{"line":127,"column":57}},"40":{"start":{"line":127,"column":50},"end":{"line":127,"column":57}},"41":{"start":{"line":128,"column":32},"end":{"line":128,"column":64}},"42":{"start":{"line":128,"column":50},"end":{"line":128,"column":64}},"43":{"start":{"line":129,"column":32},"end":{"line":129,"column":62}},"44":{"start":{"line":129,"column":50},"end":{"line":129,"column":62}}},"fnMap":{"0":{"name":"buildLineId","decl":{"start":{"line":17,"column":9},"end":{"line":17,"column":20}},"loc":{"start":{"line":17,"column":74},"end":{"line":23,"column":1}},"line":17},"1":{"name":"(anonymous_1)","decl":{"start":{"line":19,"column":9},"end":{"line":19,"column":10}},"loc":{"start":{"line":19,"column":16},"end":{"line":19,"column":20}},"line":19},"2":{"name":"buildVariantLabel","decl":{"start":{"line":25,"column":9},"end":{"line":25,"column":26}},"loc":{"start":{"line":25,"column":68},"end":{"line":28,"column":1}},"line":25},"3":{"name":"(anonymous_3)","decl":{"start":{"line":26,"column":46},"end":{"line":26,"column":47}},"loc":{"start":{"line":26,"column":53},"end":{"line":26,"column":60}},"line":26},"4":{"name":"computeUnitPrice","decl":{"start":{"line":30,"column":9},"end":{"line":30,"column":25}},"loc":{"start":{"line":30,"column":79},"end":{"line":35,"column":1}},"line":30},"5":{"name":"(anonymous_5)","decl":{"start":{"line":33,"column":37},"end":{"line":33,"column":38}},"loc":{"start":{"line":33,"column":49},"end":{"line":33,"column":69}},"line":33},"6":{"name":"(anonymous_6)","decl":{"start":{"line":62,"column":4},"end":{"line":62,"column":5}},"loc":{"start":{"line":62,"column":19},"end":{"line":116,"column":5}},"line":62},"7":{"name":"(anonymous_7)","decl":{"start":{"line":65,"column":6},"end":{"line":65,"column":7}},"loc":{"start":{"line":65,"column":45},"end":{"line":90,"column":7}},"line":65},"8":{"name":"(anonymous_8)","decl":{"start":{"line":70,"column":12},"end":{"line":70,"column":13}},"loc":{"start":{"line":70,"column":23},"end":{"line":89,"column":9}},"line":70},"9":{"name":"(anonymous_9)","decl":{"start":{"line":71,"column":44},"end":{"line":71,"column":45}},"loc":{"start":{"line":71,"column":51},"end":{"line":71,"column":66}},"line":71},"10":{"name":"(anonymous_10)","decl":{"start":{"line":74,"column":37},"end":{"line":74,"column":38}},"loc":{"start":{"line":75,"column":16},"end":{"line":75,"column":69}},"line":75},"11":{"name":"(anonymous_11)","decl":{"start":{"line":92,"column":6},"end":{"line":92,"column":7}},"loc":{"start":{"line":92,"column":24},"end":{"line":96,"column":7}},"line":92},"12":{"name":"(anonymous_12)","decl":{"start":{"line":93,"column":12},"end":{"line":93,"column":13}},"loc":{"start":{"line":93,"column":20},"end":{"line":95,"column":9}},"line":93},"13":{"name":"(anonymous_13)","decl":{"start":{"line":94,"column":29},"end":{"line":94,"column":30}},"loc":{"start":{"line":94,"column":37},"end":{"line":94,"column":83}},"line":94},"14":{"name":"(anonymous_14)","decl":{"start":{"line":98,"column":6},"end":{"line":98,"column":7}},"loc":{"start":{"line":98,"column":24},"end":{"line":104,"column":7}},"line":98},"15":{"name":"(anonymous_15)","decl":{"start":{"line":99,"column":12},"end":{"line":99,"column":13}},"loc":{"start":{"line":99,"column":20},"end":{"line":103,"column":9}},"line":99},"16":{"name":"(anonymous_16)","decl":{"start":{"line":101,"column":17},"end":{"line":101,"column":18}},"loc":{"start":{"line":101,"column":25},"end":{"line":101,"column":71}},"line":101},"17":{"name":"(anonymous_17)","decl":{"start":{"line":102,"column":20},"end":{"line":102,"column":21}},"loc":{"start":{"line":102,"column":27},"end":{"line":102,"column":36}},"line":102},"18":{"name":"(anonymous_18)","decl":{"start":{"line":106,"column":6},"end":{"line":106,"column":7}},"loc":{"start":{"line":106,"column":21},"end":{"line":108,"column":7}},"line":106},"19":{"name":"(anonymous_19)","decl":{"start":{"line":107,"column":12},"end":{"line":107,"column":13}},"loc":{"start":{"line":107,"column":20},"end":{"line":107,"column":69}},"line":107},"20":{"name":"(anonymous_20)","decl":{"start":{"line":107,"column":44},"end":{"line":107,"column":45}},"loc":{"start":{"line":107,"column":51},"end":{"line":107,"column":66}},"line":107},"21":{"name":"(anonymous_21)","decl":{"start":{"line":110,"column":6},"end":{"line":110,"column":7}},"loc":{"start":{"line":110,"column":14},"end":{"line":110,"column":37}},"line":110},"22":{"name":"(anonymous_22)","decl":{"start":{"line":112,"column":6},"end":{"line":112,"column":7}},"loc":{"start":{"line":112,"column":21},"end":{"line":112,"column":40}},"line":112},"23":{"name":"(anonymous_23)","decl":{"start":{"line":114,"column":18},"end":{"line":114,"column":19}},"loc":{"start":{"line":114,"column":24},"end":{"line":114,"column":66}},"line":114},"24":{"name":"(anonymous_24)","decl":{"start":{"line":114,"column":43},"end":{"line":114,"column":44}},"loc":{"start":{"line":114,"column":53},"end":{"line":114,"column":62}},"line":114},"25":{"name":"(anonymous_25)","decl":{"start":{"line":115,"column":18},"end":{"line":115,"column":19}},"loc":{"start":{"line":115,"column":24},"end":{"line":115,"column":76}},"line":115},"26":{"name":"(anonymous_26)","decl":{"start":{"line":115,"column":43},"end":{"line":115,"column":44}},"loc":{"start":{"line":115,"column":53},"end":{"line":115,"column":72}},"line":115},"27":{"name":"(anonymous_27)","decl":{"start":{"line":119,"column":33},"end":{"line":119,"column":34}},"loc":{"start":{"line":119,"column":39},"end":{"line":119,"column":51}},"line":119},"28":{"name":"(anonymous_28)","decl":{"start":{"line":121,"column":18},"end":{"line":121,"column":19}},"loc":{"start":{"line":121,"column":26},"end":{"line":121,"column":44}},"line":121},"29":{"name":"(anonymous_29)","decl":{"start":{"line":127,"column":32},"end":{"line":127,"column":33}},"loc":{"start":{"line":127,"column":50},"end":{"line":127,"column":57}},"line":127},"30":{"name":"(anonymous_30)","decl":{"start":{"line":128,"column":32},"end":{"line":128,"column":33}},"loc":{"start":{"line":128,"column":50},"end":{"line":128,"column":64}},"line":128},"31":{"name":"(anonymous_31)","decl":{"start":{"line":129,"column":32},"end":{"line":129,"column":33}},"loc":{"start":{"line":129,"column":50},"end":{"line":129,"column":62}},"line":129}},"branchMap":{"0":{"loc":{"start":{"line":22,"column":9},"end":{"line":22,"column":55}},"type":"cond-expr","locations":[{"start":{"line":22,"column":18},"end":{"line":22,"column":43}},{"start":{"line":22,"column":46},"end":{"line":22,"column":55}}],"line":22},"1":{"loc":{"start":{"line":27,"column":9},"end":{"line":27,"column":48}},"type":"cond-expr","locations":[{"start":{"line":27,"column":24},"end":{"line":27,"column":41}},{"start":{"line":27,"column":44},"end":{"line":27,"column":48}}],"line":27},"2":{"loc":{"start":{"line":33,"column":56},"end":{"line":33,"column":68}},"type":"binary-expr","locations":[{"start":{"line":33,"column":56},"end":{"line":33,"column":63}},{"start":{"line":33,"column":67},"end":{"line":33,"column":68}}],"line":33},"3":{"loc":{"start":{"line":72,"column":10},"end":{"line":78,"column":11}},"type":"if","locations":[{"start":{"line":72,"column":10},"end":{"line":78,"column":11}},{"start":{},"end":{}}],"line":72},"4":{"loc":{"start":{"line":75,"column":16},"end":{"line":75,"column":69}},"type":"cond-expr","locations":[{"start":{"line":75,"column":34},"end":{"line":75,"column":65}},{"start":{"line":75,"column":68},"end":{"line":75,"column":69}}],"line":75},"5":{"loc":{"start":{"line":94,"column":37},"end":{"line":94,"column":83}},"type":"cond-expr","locations":[{"start":{"line":94,"column":55},"end":{"line":94,"column":79}},{"start":{"line":94,"column":82},"end":{"line":94,"column":83}}],"line":94},"6":{"loc":{"start":{"line":101,"column":25},"end":{"line":101,"column":71}},"type":"cond-expr","locations":[{"start":{"line":101,"column":43},"end":{"line":101,"column":67}},{"start":{"line":101,"column":70},"end":{"line":101,"column":71}}],"line":101}},"s":{"0":17,"1":6,"2":17,"3":17,"4":6,"5":17,"6":17,"7":6,"8":1,"9":1,"10":17,"11":17,"12":17,"13":17,"14":17,"15":6,"16":17,"17":1,"18":1,"19":16,"20":16,"21":1,"22":1,"23":2,"24":2,"25":2,"26":2,"27":2,"28":1,"29":1,"30":1,"31":1,"32":1,"33":2,"34":2,"35":2,"36":2,"37":1,"38":35,"39":1,"40":0,"41":1,"42":0,"43":1,"44":0},"f":{"0":17,"1":6,"2":17,"3":6,"4":17,"5":6,"6":1,"7":17,"8":17,"9":6,"10":1,"11":1,"12":1,"13":2,"14":2,"15":2,"16":2,"17":2,"18":1,"19":1,"20":1,"21":1,"22":1,"23":2,"24":2,"25":2,"26":2,"27":1,"28":35,"29":0,"30":0,"31":0},"b":{"0":[5,12],"1":[5,12],"2":[6,0],"3":[1,16],"4":[1,0],"5":[1,1],"6":[2,0]},"_coverageSchema":"1a1c01bbd47fc00a2c39e90264f33305004495a9","hash":"bee1e4ba21fde49c745312a7079c39643ad8c177"}
,"C:\\Work\\Saraf\\src\\store\\language.store.ts": {"path":"C:\\Work\\Saraf\\src\\store\\language.store.ts","statementMap":{"0":{"start":{"line":19,"column":32},"end":{"line":30,"column":1}},"1":{"start":{"line":21,"column":14},"end":{"line":24,"column":5}},"2":{"start":{"line":23,"column":33},"end":{"line":23,"column":50}},"3":{"start":{"line":27,"column":39},"end":{"line":27,"column":51}}},"fnMap":{"0":{"name":"(anonymous_0)","decl":{"start":{"line":21,"column":4},"end":{"line":21,"column":5}},"loc":{"start":{"line":21,"column":14},"end":{"line":24,"column":5}},"line":21},"1":{"name":"(anonymous_1)","decl":{"start":{"line":23,"column":19},"end":{"line":23,"column":20}},"loc":{"start":{"line":23,"column":33},"end":{"line":23,"column":50}},"line":23},"2":{"name":"(anonymous_2)","decl":{"start":{"line":27,"column":33},"end":{"line":27,"column":34}},"loc":{"start":{"line":27,"column":39},"end":{"line":27,"column":51}},"line":27}},"branchMap":{},"s":{"0":1,"1":1,"2":3,"3":1},"f":{"0":1,"1":3,"2":1},"b":{},"_coverageSchema":"1a1c01bbd47fc00a2c39e90264f33305004495a9","hash":"ee5487a4e32616f1d0a1cdb7c35f496b01448d5a"}
,"C:\\Work\\Saraf\\src\\store\\ui.store.ts": {"path":"C:\\Work\\Saraf\\src\\store\\ui.store.ts","statementMap":{"0":{"start":{"line":34,"column":16},"end":{"line":34,"column":17}},"1":{"start":{"line":36,"column":26},"end":{"line":59,"column":3}},"2":{"start":{"line":36,"column":52},"end":{"line":59,"column":1}},"3":{"start":{"line":38,"column":30},"end":{"line":38,"column":58}},"4":{"start":{"line":44,"column":4},"end":{"line":44,"column":76}},"5":{"start":{"line":45,"column":19},"end":{"line":45,"column":65}},"6":{"start":{"line":46,"column":25},"end":{"line":46,"column":48}},"7":{"start":{"line":49,"column":26},"end":{"line":49,"column":52}},"8":{"start":{"line":50,"column":26},"end":{"line":50,"column":52}},"9":{"start":{"line":54,"column":15},"end":{"line":54,"column":34}},"10":{"start":{"line":55,"column":4},"end":{"line":55,"column":64}},"11":{"start":{"line":55,"column":16},"end":{"line":55,"column":61}},"12":{"start":{"line":56,"column":4},"end":{"line":56,"column":90}},"13":{"start":{"line":56,"column":21},"end":{"line":56,"column":82}},"14":{"start":{"line":56,"column":33},"end":{"line":56,"column":80}},"15":{"start":{"line":56,"column":66},"end":{"line":56,"column":77}},"16":{"start":{"line":58,"column":20},"end":{"line":58,"column":81}},"17":{"start":{"line":58,"column":32},"end":{"line":58,"column":79}},"18":{"start":{"line":58,"column":65},"end":{"line":58,"column":76}}},"fnMap":{"0":{"name":"(anonymous_0)","decl":{"start":{"line":36,"column":42},"end":{"line":36,"column":43}},"loc":{"start":{"line":36,"column":52},"end":{"line":59,"column":1}},"line":36},"1":{"name":"(anonymous_1)","decl":{"start":{"line":38,"column":21},"end":{"line":38,"column":22}},"loc":{"start":{"line":38,"column":30},"end":{"line":38,"column":58}},"line":38},"2":{"name":"(anonymous_2)","decl":{"start":{"line":43,"column":12},"end":{"line":43,"column":13}},"loc":{"start":{"line":44,"column":4},"end":{"line":44,"column":76}},"line":44},"3":{"name":"(anonymous_3)","decl":{"start":{"line":45,"column":13},"end":{"line":45,"column":14}},"loc":{"start":{"line":45,"column":19},"end":{"line":45,"column":65}},"line":45},"4":{"name":"(anonymous_4)","decl":{"start":{"line":46,"column":15},"end":{"line":46,"column":16}},"loc":{"start":{"line":46,"column":25},"end":{"line":46,"column":48}},"line":46},"5":{"name":"(anonymous_5)","decl":{"start":{"line":49,"column":16},"end":{"line":49,"column":17}},"loc":{"start":{"line":49,"column":26},"end":{"line":49,"column":52}},"line":49},"6":{"name":"(anonymous_6)","decl":{"start":{"line":50,"column":16},"end":{"line":50,"column":17}},"loc":{"start":{"line":50,"column":26},"end":{"line":50,"column":52}},"line":50},"7":{"name":"(anonymous_7)","decl":{"start":{"line":53,"column":13},"end":{"line":53,"column":14}},"loc":{"start":{"line":53,"column":38},"end":{"line":57,"column":3}},"line":53},"8":{"name":"(anonymous_8)","decl":{"start":{"line":55,"column":8},"end":{"line":55,"column":9}},"loc":{"start":{"line":55,"column":16},"end":{"line":55,"column":61}},"line":55},"9":{"name":"(anonymous_9)","decl":{"start":{"line":56,"column":15},"end":{"line":56,"column":16}},"loc":{"start":{"line":56,"column":21},"end":{"line":56,"column":82}},"line":56},"10":{"name":"(anonymous_10)","decl":{"start":{"line":56,"column":25},"end":{"line":56,"column":26}},"loc":{"start":{"line":56,"column":33},"end":{"line":56,"column":80}},"line":56},"11":{"name":"(anonymous_11)","decl":{"start":{"line":56,"column":59},"end":{"line":56,"column":60}},"loc":{"start":{"line":56,"column":66},"end":{"line":56,"column":77}},"line":56},"12":{"name":"(anonymous_12)","decl":{"start":{"line":58,"column":12},"end":{"line":58,"column":13}},"loc":{"start":{"line":58,"column":20},"end":{"line":58,"column":81}},"line":58},"13":{"name":"(anonymous_13)","decl":{"start":{"line":58,"column":24},"end":{"line":58,"column":25}},"loc":{"start":{"line":58,"column":32},"end":{"line":58,"column":79}},"line":58},"14":{"name":"(anonymous_14)","decl":{"start":{"line":58,"column":58},"end":{"line":58,"column":59}},"loc":{"start":{"line":58,"column":65},"end":{"line":58,"column":76}},"line":58}},"branchMap":{"0":{"loc":{"start":{"line":43,"column":13},"end":{"line":43,"column":28}},"type":"default-arg","locations":[{"start":{"line":43,"column":20},"end":{"line":43,"column":28}}],"line":43},"1":{"loc":{"start":{"line":44,"column":58},"end":{"line":44,"column":73}},"type":"binary-expr","locations":[{"start":{"line":44,"column":58},"end":{"line":44,"column":65}},{"start":{"line":44,"column":69},"end":{"line":44,"column":73}}],"line":44},"2":{"loc":{"start":{"line":53,"column":20},"end":{"line":53,"column":33}},"type":"default-arg","locations":[{"start":{"line":53,"column":27},"end":{"line":53,"column":33}}],"line":53}},"s":{"0":1,"1":1,"2":1,"3":1,"4":4,"5":1,"6":1,"7":1,"8":1,"9":7,"10":7,"11":7,"12":7,"13":1,"14":1,"15":1,"16":1,"17":1,"18":2},"f":{"0":1,"1":1,"2":4,"3":1,"4":1,"5":1,"6":1,"7":7,"8":7,"9":1,"10":1,"11":1,"12":1,"13":1,"14":2},"b":{"0":[1],"1":[4,2],"2":[6]},"_coverageSchema":"1a1c01bbd47fc00a2c39e90264f33305004495a9","hash":"ae8f6de3435376113557e95627e2e52e3eb159ce"}
}
