TN:
SF:src\services\analytics.service.ts
FN:13,(anonymous_0)
FNF:1
FNH:1
FNDA:2,(anonymous_0)
DA:7,1
DA:14,2
DA:15,2
DA:16,1
LF:4
LH:4
BRDA:15,0,0,1
BRDA:15,0,1,1
BRF:2
BRH:2
end_of_record
TN:
SF:src\services\auth.service.ts
FN:22,(anonymous_0)
FN:41,(anonymous_1)
FN:66,(anonymous_2)
FN:70,(anonymous_3)
FN:76,(anonymous_4)
FN:77,(anonymous_5)
FN:84,(anonymous_6)
FN:93,(anonymous_7)
FN:101,(anonymous_8)
FNF:9
FNH:9
FNDA:5,(anonymous_0)
FNDA:4,(anonymous_1)
FNDA:1,(anonymous_2)
FNDA:2,(anonymous_3)
FNDA:1,(anonymous_4)
FNDA:2,(anonymous_5)
FNDA:4,(anonymous_6)
FNDA:3,(anonymous_7)
FNDA:4,(anonymous_8)
DA:17,1
DA:23,5
DA:24,5
DA:25,4
DA:28,3
DA:29,3
DA:30,3
DA:32,3
DA:46,4
DA:51,4
DA:52,3
DA:54,2
DA:56,2
DA:58,1
DA:60,1
DA:63,2
DA:67,1
DA:71,2
DA:72,2
DA:73,1
DA:77,1
DA:78,2
DA:85,4
DA:90,4
DA:94,3
DA:98,3
DA:102,4
DA:105,4
LF:28
LH:28
BRDA:24,0,0,1
BRDA:24,0,1,4
BRDA:25,1,0,1
BRDA:25,1,1,3
BRDA:25,2,0,4
BRDA:25,2,1,4
BRDA:30,3,0,3
BRDA:30,3,1,0
BRDA:51,4,0,1
BRDA:51,4,1,3
BRDA:52,5,0,1
BRDA:52,5,1,2
BRDA:56,6,0,1
BRDA:56,6,1,1
BRDA:60,7,0,1
BRDA:60,7,1,0
BRDA:72,8,0,1
BRDA:72,8,1,1
BRDA:78,9,0,2
BRDA:78,9,1,1
BRDA:87,10,0,4
BRDA:87,10,1,0
BRDA:88,11,0,4
BRDA:88,11,1,0
BRDA:102,12,0,0
BRDA:102,12,1,4
BRF:26
BRH:21
end_of_record
TN:
SF:src\services\cart.service.ts
FN:12,(anonymous_0)
FN:23,(anonymous_1)
FN:31,(anonymous_2)
FNF:3
FNH:3
FNDA:3,(anonymous_0)
FNDA:3,(anonymous_1)
FNDA:1,(anonymous_2)
DA:11,1
DA:13,3
DA:19,3
DA:20,2
DA:24,3
DA:28,3
DA:32,1
LF:7
LH:7
BRDA:19,0,0,1
BRDA:19,0,1,2
BRDA:20,1,0,2
BRDA:20,1,1,1
BRDA:28,2,0,1
BRDA:28,2,1,2
BRF:6
BRH:6
end_of_record
TN:
SF:src\services\categories.service.ts
FN:10,(anonymous_0)
FNF:1
FNH:1
FNDA:3,(anonymous_0)
DA:8,1
DA:11,3
DA:16,3
DA:17,2
LF:4
LH:4
BRDA:16,0,0,1
BRDA:16,0,1,2
BRDA:17,1,0,2
BRDA:17,1,1,1
BRF:4
BRH:4
end_of_record
TN:
SF:src\services\config.service.ts
FN:28,(anonymous_0)
FN:36,(anonymous_1)
FNF:2
FNH:2
FNDA:4,(anonymous_0)
FNDA:3,(anonymous_1)
DA:17,1
DA:27,1
DA:29,4
DA:33,4
DA:35,2
DA:36,3
DA:38,2
LF:7
LH:7
BRDA:33,0,0,2
BRDA:33,0,1,2
BRDA:33,1,0,4
BRDA:33,1,1,3
BRDA:39,2,0,2
BRDA:39,2,1,1
BRDA:40,3,0,2
BRDA:40,3,1,2
BRDA:41,4,0,2
BRDA:41,4,1,2
BRDA:42,5,0,2
BRDA:42,5,1,2
BRDA:43,6,0,2
BRDA:43,6,1,1
BRDA:44,7,0,2
BRDA:44,7,1,2
BRDA:45,8,0,2
BRDA:45,8,1,2
BRF:18
BRH:18
end_of_record
TN:
SF:src\services\feedback.service.ts
FN:15,(anonymous_0)
FNF:1
FNH:1
FNDA:4,(anonymous_0)
DA:14,1
DA:16,4
DA:23,4
LF:3
LH:3
BRDA:17,0,0,4
BRDA:17,0,1,3
BRDA:23,1,0,1
BRDA:23,1,1,3
BRF:4
BRH:4
end_of_record
TN:
SF:src\services\help.service.ts
FN:26,(anonymous_0)
FN:37,(anonymous_1)
FN:48,(anonymous_2)
FNF:3
FNH:3
FNDA:2,(anonymous_0)
FNDA:2,(anonymous_1)
FNDA:3,(anonymous_2)
DA:25,1
DA:27,2
DA:33,2
DA:34,1
DA:38,2
DA:44,2
DA:45,1
DA:49,3
DA:53,3
DA:54,2
LF:10
LH:10
BRDA:33,0,0,1
BRDA:33,0,1,1
BRDA:34,1,0,1
BRDA:34,1,1,0
BRDA:44,2,0,1
BRDA:44,2,1,1
BRDA:53,3,0,1
BRDA:53,3,1,2
BRDA:54,4,0,2
BRDA:54,4,1,1
BRF:10
BRH:9
end_of_record
TN:
SF:src\services\notifications.service.ts
FN:13,(anonymous_0)
FN:25,(anonymous_1)
FN:32,(anonymous_2)
FN:40,(anonymous_3)
FNF:4
FNH:4
FNDA:3,(anonymous_0)
FNDA:1,(anonymous_1)
FNDA:1,(anonymous_2)
FNDA:1,(anonymous_3)
DA:8,1
DA:14,3
DA:21,3
DA:22,2
DA:26,1
DA:33,1
DA:41,1
LF:7
LH:7
BRDA:21,0,0,1
BRDA:21,0,1,2
BRDA:22,1,0,2
BRDA:22,1,1,1
BRF:4
BRH:4
end_of_record
TN:
SF:src\services\orders.service.ts
FN:9,uuid
FN:10,(anonymous_1)
FN:17,(anonymous_2)
FN:28,(anonymous_3)
FN:49,(anonymous_4)
FNF:5
FNH:5
FNDA:7,uuid
FNDA:217,(anonymous_1)
FNDA:2,(anonymous_2)
FNDA:7,(anonymous_3)
FNDA:12,(anonymous_4)
DA:10,7
DA:11,217
DA:12,217
DA:16,1
DA:18,2
DA:24,2
DA:25,1
DA:33,7
DA:35,7
DA:47,7
DA:49,12
DA:59,6
DA:60,6
DA:62,5
LF:14
LH:14
BRDA:12,0,0,210
BRDA:12,0,1,7
BRDA:24,1,0,1
BRDA:24,1,1,1
BRDA:25,2,0,1
BRDA:25,2,1,0
BRDA:39,3,0,7
BRDA:39,3,1,2
BRDA:40,4,0,1
BRDA:40,4,1,6
BRDA:40,5,0,7
BRDA:40,5,1,2
BRDA:47,6,0,1
BRDA:47,6,1,6
BRDA:53,7,0,12
BRDA:53,7,1,6
BRDA:54,8,0,12
BRDA:54,8,1,6
BRDA:60,9,0,1
BRDA:60,9,1,5
BRF:20
BRH:19
end_of_record
TN:
SF:src\services\products.service.ts
FN:14,(anonymous_0)
FN:25,(anonymous_1)
FN:36,(anonymous_2)
FN:50,normalise
FNF:4
FNH:4
FNDA:5,(anonymous_0)
FNDA:2,(anonymous_1)
FNDA:2,(anonymous_2)
FNDA:4,normalise
DA:11,1
DA:13,1
DA:15,5
DA:21,5
DA:22,4
DA:26,2
DA:32,2
DA:33,1
DA:37,2
DA:44,2
DA:45,1
DA:51,4
LF:12
LH:12
BRDA:21,0,0,1
BRDA:21,0,1,4
BRDA:22,1,0,4
BRDA:22,1,1,1
BRDA:32,2,0,1
BRDA:32,2,1,1
BRDA:44,3,0,1
BRDA:44,3,1,1
BRDA:45,4,0,1
BRDA:45,4,1,0
BRDA:53,5,0,2
BRDA:53,5,1,2
BRF:12
BRH:11
end_of_record
TN:
SF:src\services\push.service.ts
FN:12,(anonymous_0)
FN:31,getProjectId
FN:40,(anonymous_2)
FN:82,(anonymous_3)
FN:83,(anonymous_4)
FN:84,(anonymous_5)
FN:88,(anonymous_6)
FNF:7
FNH:0
FNDA:0,(anonymous_0)
FNDA:0,getProjectId
FNDA:0,(anonymous_2)
FNDA:0,(anonymous_3)
FNDA:0,(anonymous_4)
FNDA:0,(anonymous_5)
FNDA:0,(anonymous_6)
DA:11,0
DA:12,0
DA:32,0
DA:39,0
DA:41,0
DA:43,0
DA:44,0
DA:46,0
DA:47,0
DA:50,0
DA:51,0
DA:53,0
DA:54,0
DA:55,0
DA:58,0
DA:59,0
DA:60,0
DA:63,0
DA:64,0
DA:71,0
DA:72,0
DA:73,0
DA:74,0
DA:75,0
DA:77,0
DA:78,0
DA:83,0
DA:84,0
DA:85,0
DA:86,0
DA:88,0
LF:31
LH:0
BRDA:33,0,0,0
BRDA:33,0,1,0
BRDA:33,0,2,0
BRDA:41,1,0,0
BRDA:41,1,1,0
BRDA:44,2,0,0
BRDA:44,2,1,0
BRDA:53,3,0,0
BRDA:53,3,1,0
BRDA:58,4,0,0
BRDA:58,4,1,0
BRDA:63,5,0,0
BRDA:63,5,1,0
BRF:13
BRH:0
end_of_record
TN:
SF:src\store\auth.store.ts
FN:23,(anonymous_0)
FN:28,(anonymous_1)
FN:29,(anonymous_2)
FN:30,(anonymous_3)
FN:31,(anonymous_4)
FN:35,(anonymous_5)
FN:36,(anonymous_6)
FN:37,(anonymous_7)
FN:38,(anonymous_8)
FNF:9
FNH:9
FNDA:1,(anonymous_0)
FNDA:3,(anonymous_1)
FNDA:2,(anonymous_2)
FNDA:2,(anonymous_3)
FNDA:1,(anonymous_4)
FNDA:2,(anonymous_5)
FNDA:1,(anonymous_6)
FNDA:2,(anonymous_7)
FNDA:1,(anonymous_8)
DA:23,1
DA:28,3
DA:29,2
DA:30,2
DA:31,1
DA:35,2
DA:36,1
DA:37,2
DA:38,1
LF:9
LH:9
BRF:0
BRH:0
end_of_record
TN:
SF:src\store\cart.store.ts
FN:17,buildLineId
FN:19,(anonymous_1)
FN:25,buildVariantLabel
FN:26,(anonymous_3)
FN:30,computeUnitPrice
FN:33,(anonymous_5)
FN:62,(anonymous_6)
FN:65,(anonymous_7)
FN:70,(anonymous_8)
FN:71,(anonymous_9)
FN:74,(anonymous_10)
FN:92,(anonymous_11)
FN:93,(anonymous_12)
FN:94,(anonymous_13)
FN:98,(anonymous_14)
FN:99,(anonymous_15)
FN:101,(anonymous_16)
FN:102,(anonymous_17)
FN:106,(anonymous_18)
FN:107,(anonymous_19)
FN:107,(anonymous_20)
FN:110,(anonymous_21)
FN:112,(anonymous_22)
FN:114,(anonymous_23)
FN:114,(anonymous_24)
FN:115,(anonymous_25)
FN:115,(anonymous_26)
FN:119,(anonymous_27)
FN:121,(anonymous_28)
FN:127,(anonymous_29)
FN:128,(anonymous_30)
FN:129,(anonymous_31)
FNF:32
FNH:29
FNDA:17,buildLineId
FNDA:6,(anonymous_1)
FNDA:17,buildVariantLabel
FNDA:6,(anonymous_3)
FNDA:17,computeUnitPrice
FNDA:6,(anonymous_5)
FNDA:1,(anonymous_6)
FNDA:17,(anonymous_7)
FNDA:17,(anonymous_8)
FNDA:6,(anonymous_9)
FNDA:1,(anonymous_10)
FNDA:1,(anonymous_11)
FNDA:1,(anonymous_12)
FNDA:2,(anonymous_13)
FNDA:2,(anonymous_14)
FNDA:2,(anonymous_15)
FNDA:2,(anonymous_16)
FNDA:2,(anonymous_17)
FNDA:1,(anonymous_18)
FNDA:1,(anonymous_19)
FNDA:1,(anonymous_20)
FNDA:1,(anonymous_21)
FNDA:1,(anonymous_22)
FNDA:2,(anonymous_23)
FNDA:2,(anonymous_24)
FNDA:2,(anonymous_25)
FNDA:2,(anonymous_26)
FNDA:1,(anonymous_27)
FNDA:35,(anonymous_28)
FNDA:0,(anonymous_29)
FNDA:0,(anonymous_30)
FNDA:0,(anonymous_31)
DA:18,17
DA:19,6
DA:22,17
DA:26,17
DA:27,17
DA:31,17
DA:33,6
DA:60,1
DA:62,1
DA:66,17
DA:67,17
DA:68,17
DA:70,17
DA:71,17
DA:72,17
DA:73,1
DA:75,1
DA:79,16
DA:88,16
DA:93,1
DA:94,2
DA:99,2
DA:101,2
DA:102,2
DA:107,1
DA:110,1
DA:112,1
DA:114,2
DA:115,2
DA:119,1
DA:121,35
DA:127,1
DA:128,1
DA:129,1
LF:34
LH:34
BRDA:22,0,0,5
BRDA:22,0,1,12
BRDA:27,1,0,5
BRDA:27,1,1,12
BRDA:33,2,0,6
BRDA:33,2,1,0
BRDA:72,3,0,1
BRDA:72,3,1,16
BRDA:75,4,0,1
BRDA:75,4,1,0
BRDA:94,5,0,1
BRDA:94,5,1,1
BRDA:101,6,0,2
BRDA:101,6,1,0
BRF:14
BRH:11
end_of_record
TN:
SF:src\store\language.store.ts
FN:21,(anonymous_0)
FN:23,(anonymous_1)
FN:27,(anonymous_2)
FNF:3
FNH:3
FNDA:1,(anonymous_0)
FNDA:3,(anonymous_1)
FNDA:1,(anonymous_2)
DA:19,1
DA:21,1
DA:23,3
DA:27,1
LF:4
LH:4
BRF:0
BRH:0
end_of_record
TN:
SF:src\store\ui.store.ts
FN:36,(anonymous_0)
FN:38,(anonymous_1)
FN:43,(anonymous_2)
FN:45,(anonymous_3)
FN:46,(anonymous_4)
FN:49,(anonymous_5)
FN:50,(anonymous_6)
FN:53,(anonymous_7)
FN:55,(anonymous_8)
FN:56,(anonymous_9)
FN:56,(anonymous_10)
FN:56,(anonymous_11)
FN:58,(anonymous_12)
FN:58,(anonymous_13)
FN:58,(anonymous_14)
FNF:15
FNH:15
FNDA:1,(anonymous_0)
FNDA:1,(anonymous_1)
FNDA:4,(anonymous_2)
FNDA:1,(anonymous_3)
FNDA:1,(anonymous_4)
FNDA:1,(anonymous_5)
FNDA:1,(anonymous_6)
FNDA:7,(anonymous_7)
FNDA:7,(anonymous_8)
FNDA:1,(anonymous_9)
FNDA:1,(anonymous_10)
FNDA:1,(anonymous_11)
FNDA:1,(anonymous_12)
FNDA:1,(anonymous_13)
FNDA:2,(anonymous_14)
DA:34,1
DA:36,1
DA:38,1
DA:44,4
DA:45,1
DA:46,1
DA:49,1
DA:50,1
DA:54,7
DA:55,7
DA:56,7
DA:58,2
LF:12
LH:12
BRDA:43,0,0,1
BRDA:44,1,0,4
BRDA:44,1,1,2
BRDA:53,2,0,6
BRF:4
BRH:4
end_of_record
